<?xml version="1.0" encoding="UTF-8"?>
<!-- Generated by org.testng.reporters.JUnitReportReporter -->
<testsuite hostname="DESKTOP-IA0DLJF" name="com.pulse.Test.ValidLogin2" tests="1" failures="0" timestamp="11 Feb 2019 07:49:24 GMT" time="143.953" errors="0">
  <testcase name="testValidLogin2" time="143.953" classname="com.pulse.Test.ValidLogin2"/>
</testsuite> <!-- com.pulse.Test.ValidLogin2 -->
