<?xml version="1.0" encoding="UTF-8"?>
<!-- Generated by org.testng.reporters.JUnitReportReporter -->
<testsuite hostname="DC4-QVM-TMQA-08" name="com.pulse.Test.ValidLogin" tests="2" failures="0" timestamp="13 Feb 2019 12:08:17 GMT" time="217.215" errors="0">
  <testcase name="testToolTip" time="54.601" classname="com.pulse.Test.ValidLogin"/>
  <testcase name="testValidLogin1" time="162.614" classname="com.pulse.Test.ValidLogin"/>
</testsuite> <!-- com.pulse.Test.ValidLogin -->
