<?xml version="1.0" encoding="UTF-8"?>
<!-- Generated by org.testng.reporters.JUnitReportReporter -->
<testsuite hostname="DC4-QVM-TMQA-08" name="com.pulse.Test.ValidLogin" tests="2" failures="0" timestamp="14 Feb 2019 16:39:30 GMT" time="218.289" errors="0">
  <testcase name="testToolTip" time="54.757" classname="com.pulse.Test.ValidLogin"/>
  <testcase name="testValidLogin1" time="163.532" classname="com.pulse.Test.ValidLogin"/>
</testsuite> <!-- com.pulse.Test.ValidLogin -->
